[0.173s] Invoking command in '/home/kouyayamaoka/ros2_ws/build/Controller': CMAKE_PREFIX_PATH=${CMAKE_PREFIX_PATH}:/opt/ros/foxy /usr/bin/cmake /home/kouyayamaoka/ros2_ws/src/Controller -DCMAKE_INSTALL_PREFIX=/home/kouyayamaoka/ros2_ws/install/Controller
[1.114s] -- The C compiler identification is GNU 9.4.0
[1.769s] -- The CXX compiler identification is GNU 9.4.0
[1.837s] -- Check for working C compiler: /usr/bin/cc
[2.327s] -- Check for working C compiler: /usr/bin/cc -- works
[2.340s] -- Detecting C compiler ABI info
[2.875s] -- Detecting C compiler ABI info - done
[2.989s] -- Detecting C compile features
[2.997s] -- Detecting C compile features - done
[3.029s] -- Check for working CXX compiler: /usr/bin/c++
[3.597s] -- Check for working CXX compiler: /usr/bin/c++ -- works
[3.606s] -- Detecting CXX compiler ABI info
[4.161s] -- Detecting CXX compiler ABI info - done
[4.301s] -- Detecting CXX compile features
[4.305s] -- Detecting CXX compile features - done
[4.347s] -- Found ament_cmake: 0.9.11 (/opt/ros/foxy/share/ament_cmake/cmake)
[4.588s] -- Found PythonInterp: /usr/bin/python3 (found suitable version "3.8.10", minimum required is "3") 
[4.589s] -- Using PYTHON_EXECUTABLE: /usr/bin/python3
[6.164s] -- Found rclcpp: 2.4.2 (/opt/ros/foxy/share/rclcpp/cmake)
[6.587s] -- Using all available rosidl_typesupport_c: rosidl_typesupport_fastrtps_c;rosidl_typesupport_introspection_c
[6.645s] -- Found rosidl_adapter: 1.3.0 (/opt/ros/foxy/share/rosidl_adapter/cmake)
[7.245s] -- Found OpenSSL: /usr/lib/x86_64-linux-gnu/libcrypto.so (found version "1.1.1f")  
[7.460s] -- Found FastRTPS: /opt/ros/foxy/include  
[8.068s] -- Using all available rosidl_typesupport_cpp: rosidl_typesupport_fastrtps_cpp;rosidl_typesupport_introspection_cpp
[8.535s] -- Found rmw_implementation_cmake: 1.0.4 (/opt/ros/foxy/share/rmw_implementation_cmake/cmake)
[8.549s] -- Using RMW implementation 'rmw_fastrtps_cpp' as default
[8.559s] -- Looking for pthread.h
[9.074s] -- Looking for pthread.h - found
[9.075s] -- Performing Test CMAKE_HAVE_LIBC_PTHREAD
[9.637s] -- Performing Test CMAKE_HAVE_LIBC_PTHREAD - Failed
[9.638s] -- Looking for pthread_create in pthreads
[10.052s] -- Looking for pthread_create in pthreads - not found
[10.053s] -- Looking for pthread_create in pthread
[10.580s] -- Looking for pthread_create in pthread - found
[10.593s] -- Found Threads: TRUE  
[12.121s] -- Found ament_lint_auto: 0.9.8 (/opt/ros/foxy/share/ament_lint_auto/cmake)
[12.533s] WARNING: Package name "Controller" does not follow the naming conventions. It should start with a lower case letter and only contain lower case letters, digits, underscores, and dashes.
[12.790s] -- Added test 'copyright' to check source files copyright and LICENSE
[12.796s] -- Added test 'cppcheck' to perform static code analysis on C / C++ code
[12.803s] -- Configured cppcheck include dirs: $<BUILD_INTERFACE:/home/kouyayamaoka/ros2_ws/src/Controller/include>
[12.804s] -- Configured cppcheck exclude dirs and/or files: 
[12.811s] -- Added test 'cpplint' to check C / C++ code against the Google style
[12.812s] -- Configured cpplint exclude dirs and/or files: 
[12.825s] -- Added test 'flake8' to check Python code syntax and style conventions
[12.830s] -- Added test 'lint_cmake' to check CMake code style
[12.836s] -- Added test 'pep257' to check Python code against some of the style conventions in PEP 257
[12.845s] -- Added test 'uncrustify' to check C / C++ code style
[12.846s] -- Configured uncrustify additional arguments: 
[12.853s] -- Added test 'xmllint' to check XML markup files
[12.872s] -- Configuring done
[12.926s] -- Generating done
[12.941s] -- Build files have been written to: /home/kouyayamaoka/ros2_ws/build/Controller
[12.986s] Invoked command in '/home/kouyayamaoka/ros2_ws/build/Controller' returned '0': CMAKE_PREFIX_PATH=${CMAKE_PREFIX_PATH}:/opt/ros/foxy /usr/bin/cmake /home/kouyayamaoka/ros2_ws/src/Controller -DCMAKE_INSTALL_PREFIX=/home/kouyayamaoka/ros2_ws/install/Controller
[12.995s] Invoking command in '/home/kouyayamaoka/ros2_ws/build/Controller': CMAKE_PREFIX_PATH=${CMAKE_PREFIX_PATH}:/opt/ros/foxy /usr/bin/cmake --build /home/kouyayamaoka/ros2_ws/build/Controller -- -j2 -l2
[13.334s] [35m[1mScanning dependencies of target nintendo_pro_controller[0m
[13.791s] [ 50%] [32mBuilding CXX object CMakeFiles/nintendo_pro_controller.dir/src/nintendo_pro_controller.cpp.o[0m
[14.642s] [01m[K/home/kouyayamaoka/ros2_ws/src/Controller/src/nintendo_pro_controller.cpp:2:10:[m[K [01;31m[Kfatal error: [m[Ksensor_msgs/msg/Joy.hpp: „Åù„ÅÆ„Çà„ÅÜ„Å™„Éï„Ç°„Ç§„É´„ÇÑ„Éá„Ç£„É¨„ÇØ„Éà„É™„ÅØ„ÅÇ„Çä„Åæ„Åõ„Çì
[14.642s]     2 | #include [01;31m[K"sensor_msgs/msg/Joy.hpp"[m[K
[14.643s]       |          [01;31m[K^~~~~~~~~~~~~~~~~~~~~~~~~[m[K
[14.643s] compilation terminated.
[14.649s] make[2]: *** [CMakeFiles/nintendo_pro_controller.dir/build.make:63: CMakeFiles/nintendo_pro_controller.dir/src/nintendo_pro_controller.cpp.o] „Ç®„É©„Éº 1
[14.654s] make[1]: *** [CMakeFiles/Makefile2:78: CMakeFiles/nintendo_pro_controller.dir/all] „Ç®„É©„Éº 2
[14.674s] make: *** [Makefile:141: all] „Ç®„É©„Éº 2
[14.675s] Invoked command in '/home/kouyayamaoka/ros2_ws/build/Controller' returned '2': CMAKE_PREFIX_PATH=${CMAKE_PREFIX_PATH}:/opt/ros/foxy /usr/bin/cmake --build /home/kouyayamaoka/ros2_ws/build/Controller -- -j2 -l2
