[0.115s] Invoking command in '/home/kouyayamaoka/ros2_ws/src/build/Controller': CMAKE_PREFIX_PATH=${CMAKE_PREFIX_PATH}:/opt/ros/foxy /usr/bin/cmake --build /home/kouyayamaoka/ros2_ws/src/build/Controller -- -j2 -l2
[0.345s] -- Found ament_cmake: 0.9.11 (/opt/ros/foxy/share/ament_cmake/cmake)
[0.459s] -- Using PYTHON_EXECUTABLE: /usr/bin/python3
[1.401s] -- Found rclcpp: 2.4.2 (/opt/ros/foxy/share/rclcpp/cmake)
[1.633s] -- Using all available rosidl_typesupport_c: rosidl_typesupport_fastrtps_c;rosidl_typesupport_introspection_c
[1.663s] -- Found rosidl_adapter: 1.3.0 (/opt/ros/foxy/share/rosidl_adapter/cmake)
[2.372s] -- Using all available rosidl_typesupport_cpp: rosidl_typesupport_fastrtps_cpp;rosidl_typesupport_introspection_cpp
[2.790s] -- Found rmw_implementation_cmake: 1.0.4 (/opt/ros/foxy/share/rmw_implementation_cmake/cmake)
[2.801s] -- Using RMW implementation 'rmw_fastrtps_cpp' as default
[3.780s] -- Found sensor_msgs: 2.0.5 (/opt/ros/foxy/share/sensor_msgs/cmake)
[4.363s] -- Found joy: 3.0.1 (/opt/ros/foxy/share/joy/cmake)
[4.371s] -- Found ament_lint_auto: 0.9.8 (/opt/ros/foxy/share/ament_lint_auto/cmake)
[4.577s] WARNING: Package name "Controller" does not follow the naming conventions. It should start with a lower case letter and only contain lower case letters, digits, underscores, and dashes.
[4.683s] -- Added test 'copyright' to check source files copyright and LICENSE
[4.689s] -- Added test 'cppcheck' to perform static code analysis on C / C++ code
[4.692s] -- Configured cppcheck include dirs: $<BUILD_INTERFACE:/home/kouyayamaoka/ros2_ws/src/Controller/include>
[4.693s] -- Configured cppcheck exclude dirs and/or files: 
[4.698s] -- Added test 'cpplint' to check C / C++ code against the Google style
[4.699s] -- Configured cpplint exclude dirs and/or files: 
[4.702s] -- Added test 'flake8' to check Python code syntax and style conventions
[4.708s] -- Added test 'lint_cmake' to check CMake code style
[4.718s] -- Added test 'pep257' to check Python code against some of the style conventions in PEP 257
[4.722s] -- Added test 'uncrustify' to check C / C++ code style
[4.723s] -- Configured uncrustify additional arguments: 
[4.727s] -- Added test 'xmllint' to check XML markup files
[4.741s] -- Configuring done
[4.791s] -- Generating done
[4.801s] -- Build files have been written to: /home/kouyayamaoka/ros2_ws/src/build/Controller
[4.917s] [35m[1mScanning dependencies of target nintendo_pro_controller[0m
[5.074s] [ 50%] [32mBuilding CXX object CMakeFiles/nintendo_pro_controller.dir/src/nintendo_pro_controller.cpp.o[0m
[5.531s] In file included from [01m[K/home/kouyayamaoka/ros2_ws/src/Controller/src/nintendo_pro_controller.cpp:3[m[K:
[5.532s] [01m[K/opt/ros/foxy/include/joy/joy.hpp:33:10:[m[K [01;31m[Kfatal error: [m[KSDL.h: „Åù„ÅÆ„Çà„ÅÜ„Å™„Éï„Ç°„Ç§„É´„ÇÑ„Éá„Ç£„É¨„ÇØ„Éà„É™„ÅØ„ÅÇ„Çä„Åæ„Åõ„Çì
[5.532s]    33 | #include [01;31m[K<SDL.h>[m[K
[5.532s]       |          [01;31m[K^~~~~~~[m[K
[5.532s] compilation terminated.
[5.536s] make[2]: *** [CMakeFiles/nintendo_pro_controller.dir/build.make:63: CMakeFiles/nintendo_pro_controller.dir/src/nintendo_pro_controller.cpp.o] „Ç®„É©„Éº 1
[5.537s] make[1]: *** [CMakeFiles/Makefile2:78: CMakeFiles/nintendo_pro_controller.dir/all] „Ç®„É©„Éº 2
[5.537s] make: *** [Makefile:141: all] „Ç®„É©„Éº 2
[5.552s] Invoked command in '/home/kouyayamaoka/ros2_ws/src/build/Controller' returned '2': CMAKE_PREFIX_PATH=${CMAKE_PREFIX_PATH}:/opt/ros/foxy /usr/bin/cmake --build /home/kouyayamaoka/ros2_ws/src/build/Controller -- -j2 -l2
