[0.188s] Invoking command in '/home/kouyayamaoka/ros2_ws/src/build/Controller': CMAKE_PREFIX_PATH=${CMAKE_PREFIX_PATH}:/opt/ros/foxy /usr/bin/cmake --build /home/kouyayamaoka/ros2_ws/src/build/Controller -- -j2 -l2
[0.661s] [35m[1mScanning dependencies of target nintendo_pro_controller[0m
[0.919s] [ 50%] [32mBuilding CXX object CMakeFiles/nintendo_pro_controller.dir/src/nintendo_pro_controller.cpp.o[0m
[11.527s] [01m[K/home/kouyayamaoka/ros2_ws/src/Controller/src/nintendo_pro_controller.cpp:[m[K In member function â€˜[01m[Kvoid Controller::controller_callback(sensor_msgs::msg::Joy_<std::allocator<void> >::SharedPtr) const[m[Kâ€™:
[11.528s] [01m[K/home/kouyayamaoka/ros2_ws/src/Controller/src/nintendo_pro_controller.cpp:20:21:[m[K [01;31m[Kerror: [m[Kâ€˜[01m[Kstruct geometry_msgs::msg::Twist_<std::allocator<void> >[m[Kâ€™ has no member named â€˜[01m[Kargular[m[Kâ€™; did you mean â€˜[01m[Kangular[m[Kâ€™?
[11.529s]    20 |             message.[01;31m[Kargular[m[K.z = 3*joy_msg->buttons[5];
[11.529s]       |                     [01;31m[K^~~~~~~[m[K
[11.530s]       |                     [32m[Kangular[m[K
[11.530s] [01m[K/home/kouyayamaoka/ros2_ws/src/Controller/src/nintendo_pro_controller.cpp:21:21:[m[K [01;31m[Kerror: [m[Kâ€˜[01m[Kstruct geometry_msgs::msg::Twist_<std::allocator<void> >[m[Kâ€™ has no member named â€˜[01m[Kargular[m[Kâ€™; did you mean â€˜[01m[Kangular[m[Kâ€™?
[11.531s]    21 |             message.[01;31m[Kargular[m[K.z = -3*joy_msg->buttons[6];
[11.532s]       |                     [01;31m[K^~~~~~~[m[K
[11.532s]       |                     [32m[Kangular[m[K
[23.188s] make[2]: *** [CMakeFiles/nintendo_pro_controller.dir/build.make:63: CMakeFiles/nintendo_pro_controller.dir/src/nintendo_pro_controller.cpp.o] ã‚¨ãƒ©ãƒ¼ 1
[23.189s] make[1]: *** [CMakeFiles/Makefile2:78: CMakeFiles/nintendo_pro_controller.dir/all] ã‚¨ãƒ©ãƒ¼ 2
[23.213s] make: *** [Makefile:141: all] ã‚¨ãƒ©ãƒ¼ 2
[23.215s] Invoked command in '/home/kouyayamaoka/ros2_ws/src/build/Controller' returned '2': CMAKE_PREFIX_PATH=${CMAKE_PREFIX_PATH}:/opt/ros/foxy /usr/bin/cmake --build /home/kouyayamaoka/ros2_ws/src/build/Controller -- -j2 -l2
