[0.151s] Invoking command in '/home/kouyayamaoka/ros2_ws/src/build/Controller': CMAKE_PREFIX_PATH=${CMAKE_PREFIX_PATH}:/opt/ros/foxy /usr/bin/cmake --build /home/kouyayamaoka/ros2_ws/src/build/Controller -- -j2 -l2
[0.405s] -- Found ament_cmake: 0.9.11 (/opt/ros/foxy/share/ament_cmake/cmake)
[0.613s] -- Using PYTHON_EXECUTABLE: /usr/bin/python3
[2.011s] -- Found rclcpp: 2.4.2 (/opt/ros/foxy/share/rclcpp/cmake)
[2.413s] -- Using all available rosidl_typesupport_c: rosidl_typesupport_fastrtps_c;rosidl_typesupport_introspection_c
[2.457s] -- Found rosidl_adapter: 1.3.0 (/opt/ros/foxy/share/rosidl_adapter/cmake)
[3.417s] -- Using all available rosidl_typesupport_cpp: rosidl_typesupport_fastrtps_cpp;rosidl_typesupport_introspection_cpp
[3.889s] -- Found rmw_implementation_cmake: 1.0.4 (/opt/ros/foxy/share/rmw_implementation_cmake/cmake)
[3.907s] -- Using RMW implementation 'rmw_fastrtps_cpp' as default
[5.270s] -- Found ament_lint_auto: 0.9.8 (/opt/ros/foxy/share/ament_lint_auto/cmake)
[5.608s] WARNING: Package name "Controller" does not follow the naming conventions. It should start with a lower case letter and only contain lower case letters, digits, underscores, and dashes.
[5.846s] -- Added test 'copyright' to check source files copyright and LICENSE
[5.859s] -- Added test 'cppcheck' to perform static code analysis on C / C++ code
[5.861s] -- Configured cppcheck include dirs: $<BUILD_INTERFACE:/home/kouyayamaoka/ros2_ws/src/Controller/include>
[5.862s] -- Configured cppcheck exclude dirs and/or files: 
[5.870s] -- Added test 'cpplint' to check C / C++ code against the Google style
[5.871s] -- Configured cpplint exclude dirs and/or files: 
[5.880s] -- Added test 'flake8' to check Python code syntax and style conventions
[5.881s] -- Added test 'lint_cmake' to check CMake code style
[5.885s] -- Added test 'pep257' to check Python code against some of the style conventions in PEP 257
[5.893s] -- Added test 'uncrustify' to check C / C++ code style
[5.893s] -- Configured uncrustify additional arguments: 
[5.906s] -- Added test 'xmllint' to check XML markup files
[5.921s] -- Configuring done
[5.989s] -- Generating done
[5.997s] -- Build files have been written to: /home/kouyayamaoka/ros2_ws/src/build/Controller
[6.150s] [35m[1mScanning dependencies of target nintendo_pro_controller[0m
[6.496s] [ 50%] [32mBuilding CXX object CMakeFiles/nintendo_pro_controller.dir/src/nintendo_pro_controller.cpp.o[0m
[7.167s] [01m[K/home/kouyayamaoka/ros2_ws/src/Controller/src/nintendo_pro_controller.cpp:2:10:[m[K [01;31m[Kfatal error: [m[Kjoy.hpp: „Åù„ÅÆ„Çà„ÅÜ„Å™„Éï„Ç°„Ç§„É´„ÇÑ„Éá„Ç£„É¨„ÇØ„Éà„É™„ÅØ„ÅÇ„Çä„Åæ„Åõ„Çì
[7.168s]     2 | #include [01;31m[K<joy.hpp>[m[K
[7.168s]       |          [01;31m[K^~~~~~~~~[m[K
[7.169s] compilation terminated.
[7.206s] make[2]: *** [CMakeFiles/nintendo_pro_controller.dir/build.make:63: CMakeFiles/nintendo_pro_controller.dir/src/nintendo_pro_controller.cpp.o] „Ç®„É©„Éº 1
[7.212s] make[1]: *** [CMakeFiles/Makefile2:78: CMakeFiles/nintendo_pro_controller.dir/all] „Ç®„É©„Éº 2
[7.212s] make: *** [Makefile:141: all] „Ç®„É©„Éº 2
[7.214s] Invoked command in '/home/kouyayamaoka/ros2_ws/src/build/Controller' returned '2': CMAKE_PREFIX_PATH=${CMAKE_PREFIX_PATH}:/opt/ros/foxy /usr/bin/cmake --build /home/kouyayamaoka/ros2_ws/src/build/Controller -- -j2 -l2
