[0.111s] Invoking command in '/home/kouyayamaoka/ros2_ws/src/build/Controller': CMAKE_PREFIX_PATH=${CMAKE_PREFIX_PATH}:/opt/ros/foxy /usr/bin/cmake --build /home/kouyayamaoka/ros2_ws/src/build/Controller -- -j2 -l2
[0.301s] -- Found ament_cmake: 0.9.11 (/opt/ros/foxy/share/ament_cmake/cmake)
[0.481s] -- Using PYTHON_EXECUTABLE: /usr/bin/python3
[1.684s] -- Found rclcpp: 2.4.2 (/opt/ros/foxy/share/rclcpp/cmake)
[1.897s] -- Using all available rosidl_typesupport_c: rosidl_typesupport_fastrtps_c;rosidl_typesupport_introspection_c
[1.915s] -- Found rosidl_adapter: 1.3.0 (/opt/ros/foxy/share/rosidl_adapter/cmake)
[2.520s] -- Using all available rosidl_typesupport_cpp: rosidl_typesupport_fastrtps_cpp;rosidl_typesupport_introspection_cpp
[2.794s] -- Found rmw_implementation_cmake: 1.0.4 (/opt/ros/foxy/share/rmw_implementation_cmake/cmake)
[2.802s] -- Using RMW implementation 'rmw_fastrtps_cpp' as default
[3.672s] -- Found sensor_msgs: 2.0.5 (/opt/ros/foxy/share/sensor_msgs/cmake)
[4.404s] -- Found ament_lint_auto: 0.9.8 (/opt/ros/foxy/share/ament_lint_auto/cmake)
[4.637s] WARNING: Package name "Controller" does not follow the naming conventions. It should start with a lower case letter and only contain lower case letters, digits, underscores, and dashes.
[4.699s] -- Added test 'copyright' to check source files copyright and LICENSE
[4.707s] -- Added test 'cppcheck' to perform static code analysis on C / C++ code
[4.707s] -- Configured cppcheck include dirs: $<BUILD_INTERFACE:/home/kouyayamaoka/ros2_ws/src/Controller/include>
[4.709s] -- Configured cppcheck exclude dirs and/or files: 
[4.711s] -- Added test 'cpplint' to check C / C++ code against the Google style
[4.711s] -- Configured cpplint exclude dirs and/or files: 
[4.718s] -- Added test 'flake8' to check Python code syntax and style conventions
[4.720s] -- Added test 'lint_cmake' to check CMake code style
[4.723s] -- Added test 'pep257' to check Python code against some of the style conventions in PEP 257
[4.725s] -- Added test 'uncrustify' to check C / C++ code style
[4.725s] -- Configured uncrustify additional arguments: 
[4.726s] -- Added test 'xmllint' to check XML markup files
[4.742s] -- Configuring done
[4.789s] -- Generating done
[4.796s] -- Build files have been written to: /home/kouyayamaoka/ros2_ws/src/build/Controller
[4.924s] [35m[1mScanning dependencies of target nintendo_pro_controller[0m
[5.105s] [ 50%] [32mBuilding CXX object CMakeFiles/nintendo_pro_controller.dir/src/nintendo_pro_controller.cpp.o[0m
[5.660s] [01m[K/home/kouyayamaoka/ros2_ws/src/Controller/src/nintendo_pro_controller.cpp:2:10:[m[K [01;31m[Kfatal error: [m[Ksensor_msgs/Joy.hpp: „Åù„ÅÆ„Çà„ÅÜ„Å™„Éï„Ç°„Ç§„É´„ÇÑ„Éá„Ç£„É¨„ÇØ„Éà„É™„ÅØ„ÅÇ„Çä„Åæ„Åõ„Çì
[5.660s]     2 | #include [01;31m[K<sensor_msgs/Joy.hpp>[m[K
[5.661s]       |          [01;31m[K^~~~~~~~~~~~~~~~~~~~~[m[K
[5.662s] compilation terminated.
[5.673s] make[2]: *** [CMakeFiles/nintendo_pro_controller.dir/build.make:63: CMakeFiles/nintendo_pro_controller.dir/src/nintendo_pro_controller.cpp.o] „Ç®„É©„Éº 1
[5.674s] make[1]: *** [CMakeFiles/Makefile2:78: CMakeFiles/nintendo_pro_controller.dir/all] „Ç®„É©„Éº 2
[5.697s] make: *** [Makefile:141: all] „Ç®„É©„Éº 2
[5.698s] Invoked command in '/home/kouyayamaoka/ros2_ws/src/build/Controller' returned '2': CMAKE_PREFIX_PATH=${CMAKE_PREFIX_PATH}:/opt/ros/foxy /usr/bin/cmake --build /home/kouyayamaoka/ros2_ws/src/build/Controller -- -j2 -l2
